#RULE 1 : 8eae86c7a015b1a21d396923924ee2fb -> 111c74104f404accdb88613b9edab147 if OK
#target:_obuild/lambda_calcul/types.mlmods
#source:types.ml 64512.1312795.1421593825
#command: '/usr/bin/ocamldep' '-modules' '-I' './_obuild/lambda_calcul' '-I' '.' 'types.ml'
#CACHE was 111c74104f404accdb88613b9edab147
#NO NEED FOR EXECUTION CONFIRMED
#RULE 4 : 5ca67b48744698399e63df04a9d3dcd0 -> 686482600ddc831a273eeca75100c7a5 if OK
#target:_obuild/lambda_calcul/types.cmi
#target:_obuild/lambda_calcul/types.cmo
#source:types.ml 64512.1312795.1421593825
#source:_obuild/lambda_calcul/types.mlmods ok 0.0.0
#command: '/usr/bin/ocamlc' '-bin-annot' '-c' '-o' '${temp}/types.cmo' '-I' './_obuild/lambda_calcul' '-I' '.' 'types.ml'
#move: ${temp}/types.cmi _obuild/lambda_calcul/types.cmi
#move: ${temp}/types.cmo _obuild/lambda_calcul/types.cmo
#CACHE was 686482600ddc831a273eeca75100c7a5
#NO NEED FOR EXECUTION CONFIRMED
#RULE 5 : 28b8701fd3cac5aa2599e2a1a587c35b -> fbb231bacdfa6a75dd058f4cf0fa2f0b if OK
#target:_obuild/lambda_calcul/types.cmi
#target:_obuild/lambda_calcul/types.cmx
#target:_obuild/lambda_calcul/types.o
#source:types.ml 64512.1312795.1421593825
#source:_obuild/lambda_calcul/types.mlmods ok 0.0.0
#command: '/usr/bin/ocamlopt' '-bin-annot' '-c' '-o' '${temp}/types.cmx' '-I' './_obuild/lambda_calcul' '-I' '.' 'types.ml'
#move: ${temp}/types.cmi _obuild/lambda_calcul/types.cmi
#move: ${temp}/types.cmx _obuild/lambda_calcul/types.cmx
#move: ${temp}/types.o _obuild/lambda_calcul/types.o
#CACHE was fbb231bacdfa6a75dd058f4cf0fa2f0b
#NO NEED FOR EXECUTION CONFIRMED
#RULE 6 : 110badc4d306db1e0d550b1208a5346f -> 27dfd9842f5ad957c46756517041e895 if OK
#target:_obuild/lambda_calcul/boltzmann_type.mlmods
#source:boltzmann_type.ml 64512.1312923.1422264072
#command: '/usr/bin/ocamldep' '-modules' '-I' './_obuild/lambda_calcul' '-I' '.' 'boltzmann_type.ml'
#CACHE was 27dfd9842f5ad957c46756517041e895
#NO NEED FOR EXECUTION CONFIRMED
#RULE 9 : 77018c384ffb59ac63aec6f8c15c0c5d -> 8e152ab3387a7d07368e56caf7b509d9 if OK
#target:_obuild/lambda_calcul/boltzmann_type.cmi
#target:_obuild/lambda_calcul/boltzmann_type.cmo
#source:_obuild/lambda_calcul/types.cmo 64512.1442577.1422260793
#source:boltzmann_type.ml 64512.1312923.1422264072
#source:_obuild/lambda_calcul/boltzmann_type.mlmods ok 0.0.0
#command: '/usr/bin/ocamlc' '-bin-annot' '-c' '-o' '${temp}/boltzmann_type.cmo' '-I' './_obuild/lambda_calcul' '-I' '.' 'boltzmann_type.ml'
#move: ${temp}/boltzmann_type.cmi _obuild/lambda_calcul/boltzmann_type.cmi
#move: ${temp}/boltzmann_type.cmo _obuild/lambda_calcul/boltzmann_type.cmo
#CACHE was 8e152ab3387a7d07368e56caf7b509d9
#NO NEED FOR EXECUTION CONFIRMED
#RULE 10 : e3f09b38ff87d6a8618d94e8a396c3ce -> 5f8c35946a44d0664249614fc8ee0352 if OK
#target:_obuild/lambda_calcul/boltzmann_type.cmi
#target:_obuild/lambda_calcul/boltzmann_type.cmx
#target:_obuild/lambda_calcul/boltzmann_type.o
#source:_obuild/lambda_calcul/types.cmx 64512.1442612.1422260793
#source:boltzmann_type.ml 64512.1312923.1422264072
#source:_obuild/lambda_calcul/boltzmann_type.mlmods ok 0.0.0
#command: '/usr/bin/ocamlopt' '-bin-annot' '-c' '-o' '${temp}/boltzmann_type.cmx' '-I' './_obuild/lambda_calcul' '-I' '.' 'boltzmann_type.ml'
#move: ${temp}/boltzmann_type.cmi _obuild/lambda_calcul/boltzmann_type.cmi
#move: ${temp}/boltzmann_type.cmx _obuild/lambda_calcul/boltzmann_type.cmx
#move: ${temp}/boltzmann_type.o _obuild/lambda_calcul/boltzmann_type.o
#NO CACHE: must be executed
#RULE 11 : cf3599448bb0c1bdeec217892c95b56e -> 4331f711b383424e64893dcca5d9133d if OK
#target:_obuild/lambda_calcul/environnement.mlmods
#source:environnement.ml 64512.1312897.1421595049
#command: '/usr/bin/ocamldep' '-modules' '-I' './_obuild/lambda_calcul' '-I' '.' 'environnement.ml'
#CACHE was 4331f711b383424e64893dcca5d9133d
#NO NEED FOR EXECUTION CONFIRMED
#RULE 14 : 711d74ce9a5ce5a23707c1399729d247 -> bf8509bc2f064109df6f21eca03ed6cf if OK
#target:_obuild/lambda_calcul/environnement.cmi
#target:_obuild/lambda_calcul/environnement.cmo
#source:environnement.ml 64512.1312897.1421595049
#source:_obuild/lambda_calcul/environnement.mlmods ok 0.0.0
#command: '/usr/bin/ocamlc' '-bin-annot' '-c' '-o' '${temp}/environnement.cmo' '-I' './_obuild/lambda_calcul' '-I' '.' 'environnement.ml'
#move: ${temp}/environnement.cmi _obuild/lambda_calcul/environnement.cmi
#move: ${temp}/environnement.cmo _obuild/lambda_calcul/environnement.cmo
#CACHE was bf8509bc2f064109df6f21eca03ed6cf
#NO NEED FOR EXECUTION CONFIRMED
#RULE 15 : 0815e15df618aa826fb24d505f692f83 -> a87f98e153310bb5b9b1b027ad1194ed if OK
#target:_obuild/lambda_calcul/environnement.cmi
#target:_obuild/lambda_calcul/environnement.cmx
#target:_obuild/lambda_calcul/environnement.o
#source:environnement.ml 64512.1312897.1421595049
#source:_obuild/lambda_calcul/environnement.mlmods ok 0.0.0
#command: '/usr/bin/ocamlopt' '-bin-annot' '-c' '-o' '${temp}/environnement.cmx' '-I' './_obuild/lambda_calcul' '-I' '.' 'environnement.ml'
#move: ${temp}/environnement.cmi _obuild/lambda_calcul/environnement.cmi
#move: ${temp}/environnement.cmx _obuild/lambda_calcul/environnement.cmx
#move: ${temp}/environnement.o _obuild/lambda_calcul/environnement.o
#CACHE was a87f98e153310bb5b9b1b027ad1194ed
#NO NEED FOR EXECUTION CONFIRMED
#RULE 16 : 12ba3c4f23263d9e11eb18ae61408d0e -> 5644639af69c165ddeebd0c218e208c1 if OK
#target:_obuild/lambda_calcul/lambda_calcul.cma
#source:_obuild/lambda_calcul/types.cmo 64512.1442577.1422260793
#source:_obuild/lambda_calcul/boltzmann_type.cmo 64512.1442554.1422264074
#source:_obuild/lambda_calcul/environnement.cmo 64512.1442558.1422260793
#command: '/usr/bin/ocamlc' '-a' '-o' '_obuild/lambda_calcul/lambda_calcul.cma' '_obuild/lambda_calcul/types.cmo' '_obuild/lambda_calcul/boltzmann_type.cmo' '_obuild/lambda_calcul/environnement.cmo'
#CACHE was ae712df61cdd2460f2ce187db7af8881
#EXECUTION WOULD BE NEEDED
#RULE 18 : f8145e1ee55c34526a3bd5af47365934 -> e5ad89e661599669066da08d198d4730 if OK
#target:_obuild/main/main.mlmods
#source:main.ml 64512.1312900.1422264081
#command: '/usr/bin/ocamldep' '-modules' '-I' './_obuild/main' '-I' '.' '-I' './_obuild/lambda_calcul' 'main.ml'
#CACHE was 69df18ed305f4ac3dea8f57c5624adeb
#EXECUTION WOULD BE NEEDED
#RULE 21 : 361279873b6aa14d9b4f8f0ac56d0dcf -> 64dc214622e7c877b0caa80d3de3c2a5 if OK
#target:_obuild/main/main.cmi
#target:_obuild/main/main.cmo
#source:_obuild/lambda_calcul/types.cmo 64512.1442577.1422260793
#source:_obuild/lambda_calcul/boltzmann_type.cmo 64512.1442554.1422264074
#source:main.ml 64512.1312900.1422264081
#source:_obuild/main/main.mlmods ok 0.0.0
#command: '/usr/bin/ocamlc' '-bin-annot' '-c' '-o' '${temp}/main.cmo' '-I' './_obuild/main' '-I' '.' '-I' './_obuild/lambda_calcul' 'main.ml'
#move: ${temp}/main.cmi _obuild/main/main.cmi
#move: ${temp}/main.cmo _obuild/main/main.cmo
#NO CACHE: must be executed
